<?xml version="1.0" encoding="UTF-8"?>
<!-- Generated by org.testng.reporters.JUnitXMLReporter -->
<testsuite hostname="DESKTOP-QQD91AV" ignored="0" name="Default test" tests="4" failures="0" timestamp="18 Apr 2019 13:31:35 GMT" time="448.357" errors="0">
  <testcase name="Clead" time="195.081" classname="dataProvider.Dpcallingfunction"/>
  <testcase name="Clead" time="107.683" classname="dataProvider.Dpcallingfunction"/>
  <testcase name="Clead" time="73.291" classname="dataProvider.Dpcallingfunction"/>
  <testcase name="Clead" time="64.154" classname="dataProvider.Dpcallingfunction"/>
</testsuite> <!-- Default test -->
